<?xml version="1.0" encoding="UTF-8"?>
<testng-results ignored="0" total="1" passed="1" failed="0" skipped="0">
  <reporter-output>
  </reporter-output>
  <suite started-at="2025-12-10T15:34:53 IST" name="Surefire suite" finished-at="2025-12-10T15:35:21 IST" duration-ms="27904">
    <groups>
    </groups>
    <test started-at="2025-12-10T15:34:53 IST" name="Surefire test" finished-at="2025-12-10T15:35:21 IST" duration-ms="27904">
      <class name="com.remitassure.tests.SignInTest">
        <test-method is-config="true" signature="setUp()[pri:0, instance:com.remitassure.tests.SignInTest@15b204a1]" started-at="2025-12-10T15:34:53 IST" name="setUp" finished-at="2025-12-10T15:35:09 IST" duration-ms="15467" status="PASS">
          <reporter-output>
          </reporter-output>
        </test-method> <!-- setUp -->
        <test-method signature="testValidLogin()[pri:0, instance:com.remitassure.tests.SignInTest@15b204a1]" started-at="2025-12-10T15:35:09 IST" name="testValidLogin" finished-at="2025-12-10T15:35:21 IST" duration-ms="12202" status="PASS">
          <reporter-output>
          </reporter-output>
        </test-method> <!-- testValidLogin -->
        <test-method is-config="true" signature="cleanUp()[pri:0, instance:com.remitassure.tests.SignInTest@15b204a1]" started-at="2025-12-10T15:35:21 IST" name="cleanUp" finished-at="2025-12-10T15:35:21 IST" duration-ms="199" status="PASS">
          <reporter-output>
          </reporter-output>
        </test-method> <!-- cleanUp -->
      </class> <!-- com.remitassure.tests.SignInTest -->
    </test> <!-- Surefire test -->
  </suite> <!-- Surefire suite -->
</testng-results>
